<?xml version="1.0" encoding="UTF-8"?>
<!-- Generated by org.testng.reporters.JUnitReportReporter -->
<testsuite skipped="0" hostname="DESKTOP-GG1M42B" name="TestCase.TestCase001" tests="1" failures="0" timestamp="26 Sep 2020 13:42:07 GMT" time="18.059" errors="0">
  <testcase name="Userfunction" time="18.059" classname="TestCase.TestCase001"/>
</testsuite> <!-- TestCase.TestCase001 -->
