<?xml version="1.0" encoding="UTF-8"?>
<!-- Generated by org.testng.reporters.JUnitReportReporter -->
<testsuite skipped="0" hostname="DESKTOP-GG1M42B" name="org.amazon.test.Amazon_Test_001" tests="1" failures="0" timestamp="27 Sep 2020 13:21:52 GMT" time="69.556" errors="0">
  <testcase name="Userfunction" time="69.556" classname="org.amazon.test.Amazon_Test_001"/>
</testsuite> <!-- org.amazon.test.Amazon_Test_001 -->
