<?xml version="1.0" encoding="UTF-8"?>
<!-- Generated by org.testng.reporters.JUnitReportReporter -->
<testsuite skipped="0" hostname="DESKTOP-GG1M42B" name="TestCase.AmazonTest" tests="1" failures="0" timestamp="26 Sep 2020 05:08:49 GMT" time="22.335" errors="0">
  <testcase name="Loginfunction" time="22.335" classname="TestCase.AmazonTest"/>
</testsuite> <!-- TestCase.AmazonTest -->
